<?xml version="1.0" encoding="UTF-8"?>
<testng-results ignored="0" total="1" passed="1" failed="0" skipped="0">
  <reporter-output>
  </reporter-output>
  <suite started-at="2022-05-13T07:51:54 IST" name="Default suite" finished-at="2022-05-13T07:52:20 IST" duration-ms="26196">
    <groups>
      <group name="smoke">
        <method signature="InvalidLogin.testInvalidLogin()[pri:2, instance:script.InvalidLogin@4135c3b]" name="testInvalidLogin" class="script.InvalidLogin"/>
      </group> <!-- smoke -->
    </groups>
    <test started-at="2022-05-13T07:51:54 IST" name="Default test" finished-at="2022-05-13T07:52:20 IST" duration-ms="26196">
      <class name="script.InvalidLogin">
        <test-method is-config="true" signature="initReport()[pri:0, instance:script.InvalidLogin@4135c3b]" started-at="2022-05-13T07:51:53 IST" name="initReport" finished-at="2022-05-13T07:51:54 IST" duration-ms="846" status="PASS">
          <reporter-output>
          </reporter-output>
        </test-method> <!-- initReport -->
        <test-method is-config="true" signature="createTest(java.lang.reflect.Method)[pri:0, instance:script.InvalidLogin@4135c3b]" started-at="2022-05-13T07:51:54 IST" name="createTest" finished-at="2022-05-13T07:51:54 IST" duration-ms="21" status="PASS">
          <params>
            <param index="0">
              <value>
                <![CDATA[public void script.InvalidLogin.testInvalidLogin()]]>
              </value>
            </param>
          </params>
          <reporter-output>
          </reporter-output>
        </test-method> <!-- createTest -->
        <test-method is-config="true" signature="openApp(java.lang.String)[pri:0, instance:script.InvalidLogin@4135c3b]" started-at="2022-05-13T07:51:54 IST" name="openApp" finished-at="2022-05-13T07:52:15 IST" duration-ms="21157" status="PASS">
          <params>
            <param index="0">
              <value>
                <![CDATA[./config.properties]]>
              </value>
            </param>
          </params>
          <reporter-output>
          </reporter-output>
        </test-method> <!-- openApp -->
        <test-method signature="testInvalidLogin()[pri:2, instance:script.InvalidLogin@4135c3b]" started-at="2022-05-13T07:52:15 IST" name="testInvalidLogin" finished-at="2022-05-13T07:52:19 IST" duration-ms="3880" status="PASS">
          <reporter-output>
          </reporter-output>
        </test-method> <!-- testInvalidLogin -->
        <test-method is-config="true" signature="closeApp(org.testng.ITestResult)[pri:0, instance:script.InvalidLogin@4135c3b]" started-at="2022-05-13T07:52:19 IST" name="closeApp" finished-at="2022-05-13T07:52:20 IST" duration-ms="1060" status="PASS">
          <params>
            <param index="0">
              <value>
                <![CDATA[[TestResult name=testInvalidLogin status=SUCCESS method=InvalidLogin.testInvalidLogin()[pri:2, instance:script.InvalidLogin@4135c3b] output={null}]]]>
              </value>
            </param>
          </params>
          <reporter-output>
          </reporter-output>
        </test-method> <!-- closeApp -->
        <test-method is-config="true" signature="publishReport()[pri:0, instance:script.InvalidLogin@4135c3b]" started-at="2022-05-13T07:52:20 IST" name="publishReport" finished-at="2022-05-13T07:52:21 IST" duration-ms="1104" status="PASS">
          <reporter-output>
          </reporter-output>
        </test-method> <!-- publishReport -->
      </class> <!-- script.InvalidLogin -->
    </test> <!-- Default test -->
  </suite> <!-- Default suite -->
</testng-results>
